<?xml version="1.0" encoding="UTF-8"?>
<!-- Generated by org.testng.reporters.JUnitReportReporter -->
<testsuite hostname="DESKTOP-UNVGE05" failures="0" tests="2" name="testcases.LoginTest" time="33.949" errors="0" timestamp="22 Apr 2023 05:07:13 GMT" skipped="0">
  <testcase classname="testcases.LoginTest" name="test2" time="14.605"/>
  <testcase classname="testcases.LoginTest" name="test1" time="19.344"/>
</testsuite> <!-- testcases.LoginTest -->
