<?xml version="1.0" encoding="UTF-8"?>
<!-- Generated by org.testng.reporters.JUnitReportReporter -->
<testsuite hostname="DESKTOP-UNVGE05" failures="0" tests="1" name="testcases.LoginTest" time="17.494" errors="0" timestamp="24 Apr 2023 22:36:04 GMT" skipped="0">
  <testcase classname="testcases.LoginTest" name="test4" time="17.494"/>
</testsuite> <!-- testcases.LoginTest -->
