<?xml version="1.0" encoding="UTF-8"?>
<!-- Generated by org.testng.reporters.JUnitReportReporter -->
<testsuite hostname="DESKTOP-UNVGE05" failures="0" tests="1" name="testcases.HomePage" time="3.873" errors="0" timestamp="30 Apr 2023 06:14:57 GMT" skipped="0">
  <testcase classname="testcases.HomePage" name="test_3" time="3.873"/>
</testsuite> <!-- testcases.HomePage -->
