<?xml version="1.0" encoding="UTF-8"?>
<!-- Generated by org.testng.reporters.JUnitReportReporter -->
<testsuite hostname="DESKTOP-UNVGE05" failures="0" tests="3" name="testcases.LoginTest" time="32.738" errors="0" timestamp="30 Apr. 2023 03:45:02 GMT" skipped="0">
  <testcase classname="testcases.LoginTest" name="test1" time="10.380"/>
  <testcase classname="testcases.LoginTest" name="test2" time="11.657"/>
  <testcase classname="testcases.LoginTest" name="test4" time="10.701"/>
</testsuite> <!-- testcases.LoginTest -->
