<?xml version="1.0" encoding="UTF-8"?>
<!-- Generated by org.testng.reporters.JUnitReportReporter -->
<testsuite hostname="DESKTOP-UNVGE05" failures="0" tests="3" name="testcases.LoginTest" time="46.375" errors="0" timestamp="30 Apr. 2023 04:03:05 GMT" skipped="0">
  <testcase classname="testcases.LoginTest" name="test1" time="17.026"/>
  <testcase classname="testcases.LoginTest" name="test2" time="13.216"/>
  <testcase classname="testcases.LoginTest" name="test4" time="16.133"/>
</testsuite> <!-- testcases.LoginTest -->
