<?xml version="1.0" encoding="UTF-8"?>
<!-- Generated by org.testng.reporters.JUnitReportReporter -->
<testsuite hostname="DESKTOP-UNVGE05" failures="0" tests="3" name="testcases.LoginTest" time="32.831" errors="0" timestamp="24 Apr. 2023 22:37:25 GMT" skipped="0">
  <testcase classname="testcases.LoginTest" name="test1" time="11.441"/>
  <testcase classname="testcases.LoginTest" name="test2" time="11.843"/>
  <testcase classname="testcases.LoginTest" name="test4" time="9.547"/>
</testsuite> <!-- testcases.LoginTest -->
